[run_headless] reusing existing project baltobu-unpacked; running DumpTransitiveHelpers.java
openjdk version "25.0.2" 2026-01-20
OpenJDK Runtime Environment (build 25.0.2+10-Ubuntu-124.04)
OpenJDK 64-Bit Server VM (build 25.0.2+10-Ubuntu-124.04, mixed mode)
INFO  Using log config file: jar:file:/home/fboisselier/ghidra_12.0.4_PUBLIC/Ghidra/Framework/Generic/lib/Generic.jar!/generic.log4j.xml (LoggingInitialization)  
INFO  Using log file: /home/fboisselier/baltobu-reverse/output/ghidra/ghidra_headless_baltobu-unpacked.log (LoggingInitialization)  
INFO  Loading user preferences: /home/fboisselier/.config/ghidra/ghidra_12.0.4_PUBLIC/preferences (Preferences)  
INFO  Searching for classes... (ClassSearcher)  
INFO  Class search complete (1239 ms) (ClassSearcher)  
INFO  Initializing SSL Context (DefaultSSLContextInitializer)  
INFO  Initializing Random Number Generator... (SecureRandomFactory)  
INFO  Random Number Generator initialization complete: NativePRNGNonBlocking (SecureRandomFactory)  
INFO  Trust manager disabled, cacerts have not been set (DefaultTrustManagerFactory)  
INFO  Headless startup complete (2768 ms) (AnalyzeHeadless)  
INFO  Class searcher loaded 58 extension points (18 false positives) (ClassSearcher)  
WARNING: A terminally deprecated method in sun.misc.Unsafe has been called
WARNING: sun.misc.Unsafe::staticFieldOffset has been called by org.apache.felix.framework.util.SecureAction (file:/home/fboisselier/ghidra_12.0.4_PUBLIC/Ghidra/Features/Base/lib/org.apache.felix.framework-7.0.5.jar)
WARNING: Please consider reporting this to the maintainers of class org.apache.felix.framework.util.SecureAction
WARNING: sun.misc.Unsafe::staticFieldOffset will be removed in a future release
INFO  HEADLESS Script Paths:
    /home/fboisselier/ghidra_12.0.4_PUBLIC/Ghidra/Features/VersionTracking/ghidra_scripts
    /home/fboisselier/ghidra_12.0.4_PUBLIC/Ghidra/Debug/Debugger/ghidra_scripts
    /home/fboisselier/ghidra_12.0.4_PUBLIC/Ghidra/Features/FileFormats/ghidra_scripts
    /home/fboisselier/ghidra_12.0.4_PUBLIC/Ghidra/Features/Base/ghidra_scripts
    /home/fboisselier/ghidra_12.0.4_PUBLIC/Ghidra/Features/BytePatterns/ghidra_scripts
    /home/fboisselier/ghidra_12.0.4_PUBLIC/Ghidra/Processors/8051/ghidra_scripts
    /home/fboisselier/ghidra_12.0.4_PUBLIC/Ghidra/Features/DecompilerDependent/ghidra_scripts
    /home/fboisselier/ghidra_12.0.4_PUBLIC/Ghidra/Features/Jython/ghidra_scripts
    /home/fboisselier/ghidra_12.0.4_PUBLIC/Ghidra/Features/PyGhidra/ghidra_scripts
    /home/fboisselier/baltobu-reverse/ghidra/scripts
    /home/fboisselier/ghidra_12.0.4_PUBLIC/Ghidra/Processors/DATA/ghidra_scripts
    /home/fboisselier/ghidra_12.0.4_PUBLIC/Ghidra/Features/BSim/ghidra_scripts
    /home/fboisselier/ghidra_12.0.4_PUBLIC/Ghidra/Features/WildcardAssembler/ghidra_scripts
    /home/fboisselier/ghidra_12.0.4_PUBLIC/Ghidra/Processors/PIC/ghidra_scripts
    /home/fboisselier/ghidra_12.0.4_PUBLIC/Ghidra/Features/PDB/ghidra_scripts
    /home/fboisselier/ghidra_12.0.4_PUBLIC/Ghidra/Features/SystemEmulation/ghidra_scripts
    /home/fboisselier/ghidra_12.0.4_PUBLIC/Ghidra/Debug/Debugger-rmi-trace/ghidra_scripts
    /home/fboisselier/ghidra_12.0.4_PUBLIC/Ghidra/Features/Decompiler/ghidra_scripts
    /home/fboisselier/ghidra_12.0.4_PUBLIC/Ghidra/Features/FunctionID/ghidra_scripts
    /home/fboisselier/ghidra_12.0.4_PUBLIC/Ghidra/Features/MicrosoftCodeAnalyzer/ghidra_scripts
    /home/fboisselier/ghidra_12.0.4_PUBLIC/Ghidra/Processors/Atmel/ghidra_scripts
    /home/fboisselier/ghidra_12.0.4_PUBLIC/Ghidra/Processors/JVM/ghidra_scripts
    /home/fboisselier/ghidra_12.0.4_PUBLIC/Ghidra/Features/SwiftDemangler/ghidra_scripts
    /home/fboisselier/ghidra_12.0.4_PUBLIC/Ghidra/Features/GnuDemangler/ghidra_scripts (HeadlessAnalyzer)  
INFO  HEADLESS: execution starts (HeadlessAnalyzer)  
INFO  Opening existing project: /home/fboisselier/baltobu-reverse/ghidra/projects/baltobu-unpacked (HeadlessAnalyzer)  
INFO  Opening project: /home/fboisselier/baltobu-reverse/ghidra/projects/baltobu-unpacked (HeadlessProject)  
INFO  REPORT: Processing project file: /bambu_networking_dump.dll (HeadlessAnalyzer)  
INFO  REPORT: Execute script: DumpTransitiveHelpers.java  (HeadlessAnalyzer)  
INFO  SCRIPT: /home/fboisselier/baltobu-reverse/ghidra/scripts/DumpTransitiveHelpers.java (HeadlessAnalyzer)  
INFO  DumpTransitiveHelpers.java> transitive helpers: 876 (GhidraScript)  
WARN  Decompiling 1800a0e70, pcode error at 1800a0f84: Unable to resolve constructor at 1800a0f84 (DecompileCallback)  
WARN  Decompiling 1800c5f20, pcode error at 1800c619f: Unable to resolve constructor at 1800c619f (DecompileCallback)  
WARN  Decompiling 1800cd4d0, pcode error at 1800cd5b5: Unable to resolve constructor at 1800cd5b5 (DecompileCallback)  
WARN  Decompiling 1800d9980, pcode error at 1800d9995: Unable to resolve constructor at 1800d9995 (DecompileCallback)  
INFO  DumpTransitiveHelpers.java> decompiled 64 (GhidraScript)  
WARN  Decompiling 1800daf20, pcode error at 1800db049: Unable to resolve constructor at 1800db049 (DecompileCallback)  
WARN  Decompiling 1800de1e0, pcode error at 1800de3e6: Unable to resolve constructor at 1800de3e6 (DecompileCallback)  
WARN  Decompiling 1800ea7a0, pcode error at 1800eaa22: Unable to resolve constructor at 1800eaa22 (DecompileCallback)  
WARN  Decompiling 1800ee990, pcode error at 1800eea8e: Unable to resolve constructor at 1800eea8e (DecompileCallback)  
WARN  Decompiling 1800ee990, pcode error at 1800eeb52: Unable to resolve constructor at 1800eeb52 (DecompileCallback)  
WARN  Decompiling 1800ee990, pcode error at 1800eeb79: Unable to resolve constructor at 1800eeb79 (DecompileCallback)  
INFO  DumpTransitiveHelpers.java> decompiled 128 (GhidraScript)  
WARN  Decompiling 1800fe150, pcode error at 1800fe3be: Unable to resolve constructor at 1800fe3be (DecompileCallback)  
WARN  Decompiling 180104d40, pcode error at 1801051ef: Unable to resolve constructor at 1801051ef (DecompileCallback)  
WARN  Decompiling 18010ec50, pcode error at 18010ed35: Unable to resolve constructor at 18010ed35 (DecompileCallback)  
WARN  Decompiling 1801100c0, pcode error at 180110296: Unable to resolve constructor at 180110296 (DecompileCallback)  
WARN  Decompiling 1801103c0, pcode error at 180110524: Unable to resolve constructor at 180110524 (DecompileCallback)  
WARN  Decompiling 1801106c0, pcode error at 180110756: Unable to resolve constructor at 180110756 (DecompileCallback)  
WARN  Decompiling 180110bd0, pcode error at 180110d03: Unable to resolve constructor at 180110d03 (DecompileCallback)  
INFO  DumpTransitiveHelpers.java> decompiled 192 (GhidraScript)  
WARN  Decompiling 180116660, pcode error at 1801166f6: Unable to resolve constructor at 1801166f6 (DecompileCallback)  
WARN  Decompiling 18011e430, pcode error at 18011e4db: Unable to resolve constructor at 18011e4db (DecompileCallback)  
WARN  Decompiling 180124f30, pcode error at 180124f8f: Unable to resolve constructor at 180124f8f (DecompileCallback)  
INFO  DumpTransitiveHelpers.java> decompiled 256 (GhidraScript)  
WARN  Decompiling 18015bfe0, pcode error at 18015c3ef: Unable to resolve constructor at 18015c3ef (DecompileCallback)  
WARN  Decompiling 18015c970, pcode error at 18015ce53: Unable to resolve constructor at 18015ce53 (DecompileCallback)  
WARN  Decompiling 180160020, pcode error at 18016065a: Unable to resolve constructor at 18016065a (DecompileCallback)  
WARN  Decompiling 1801646a0, pcode error at 18016474e: Unable to resolve constructor at 18016474e (DecompileCallback)  
WARN  Decompiling 180165190, pcode error at 180165378: Unable to resolve constructor at 180165378 (DecompileCallback)  
WARN  Decompiling 180165450, pcode error at 18016572f: Unable to resolve constructor at 18016572f (DecompileCallback)  
WARN  Decompiling 180165450, pcode error at 18016586e: Unable to resolve constructor at 18016586e (DecompileCallback)  
WARN  Decompiling 180165a70, pcode error at 180166b48: Unable to resolve constructor at 180166b48 (DecompileCallback)  
WARN  Decompiling 180165a70, pcode error at 180166ae6: Unable to resolve constructor at 180166ae6 (DecompileCallback)  
WARN  Decompiling 180166d00, pcode error at 180167f8f: Unable to resolve constructor at 180167f8f (DecompileCallback)  
WARN  Decompiling 1801681f0, pcode error at 1801685cc: Unable to resolve constructor at 1801685cc (DecompileCallback)  
WARN  Decompiling 180168600, pcode error at 180168b36: Unable to resolve constructor at 180168b36 (DecompileCallback)  
INFO  DumpTransitiveHelpers.java> decompiled 320 (GhidraScript)  
WARN  Decompiling 180169a90, pcode error at 180169db9: Unable to resolve constructor at 180169db9 (DecompileCallback)  
WARN  Decompiling 18016a3f0, pcode error at 18016a599: Unable to resolve constructor at 18016a599 (DecompileCallback)  
WARN  Decompiling 18016c5c0, pcode error at 18016ca10: Unable to resolve constructor at 18016ca10 (DecompileCallback)  
WARN  Decompiling 18016eaa0, pcode error at 1db81d6b4: Could not follow disassembly flow into non-existing memory at 1db81d6b4 (DecompileCallback)  
WARN  Decompiling 18016f1b0, pcode error at 18016f447: Unable to resolve constructor at 18016f447 (DecompileCallback)  
WARN  Decompiling 18016f510, pcode error at 5057e8cc: Could not follow disassembly flow into non-existing memory at 5057e8cc (DecompileCallback)  
WARN  Decompiling 1801710e0, pcode error at 18017174a: Unable to resolve constructor at 18017174a (DecompileCallback)  
WARN  Decompiling 1801710e0, pcode error at 180171fdc: Unable to resolve constructor at 180171fdc (DecompileCallback)  
WARN  Decompiling 1801720d0, pcode error at 18017247b: Unable to resolve constructor at 18017247b (DecompileCallback)  
WARN  Decompiling 180174e80, pcode error at 1801752b9: Unable to resolve constructor at 1801752b9 (DecompileCallback)  
WARN  Decompiling 180178f90, pcode error at 1801792f9: Unable to resolve constructor at 1801792f9 (DecompileCallback)  
WARN  Decompiling 180179d40, pcode error at 18017a246: Unable to resolve constructor at 18017a246 (DecompileCallback)  
WARN  Decompiling 18017b0e0, pcode error at 18017b702: Unable to resolve constructor at 18017b702 (DecompileCallback)  
WARN  Decompiling 18017bc00, pcode error at 18017bc97: Unable to resolve constructor at 18017bc97 (DecompileCallback)  
WARN  Decompiling 18017e270, pcode error at 18017e770: Unable to resolve constructor at 18017e770 (DecompileCallback)  
WARN  Decompiling 18017f730, pcode error at 18017fc74: Unable to resolve constructor at 18017fc74 (DecompileCallback)  
WARN  Decompiling 180181f60, pcode error at 1801821f1: Unable to resolve constructor at 1801821f1 (DecompileCallback)  
WARN  Decompiling 180181f60, pcode error at 18018228b: Unable to resolve constructor at 18018228b (DecompileCallback)  
WARN  Decompiling 180184570, pcode error at 1801849bc: Unable to resolve constructor at 1801849bc (DecompileCallback)  
WARN  Decompiling 180185000, pcode error at 1801851a7: Unable to resolve constructor at 1801851a7 (DecompileCallback)  
WARN  Decompiling 1801889d0, pcode error at 180188c8d: Unable to resolve constructor at 180188c8d (DecompileCallback)  
WARN  Decompiling 180189760, pcode error at 180189d63: Unable to resolve constructor at 180189d63 (DecompileCallback)  
INFO  DumpTransitiveHelpers.java> decompiled 384 (GhidraScript)  
WARN  Decompiling 18018a380, pcode error at 18018a4a8: Unable to resolve constructor at 18018a4a8 (DecompileCallback)  
WARN  Decompiling 18018a4f0, pcode error at 18018ac61: Unable to resolve constructor at 18018ac61 (DecompileCallback)  
WARN  Decompiling 18018f820, pcode error at 1801909ba: Unable to resolve constructor at 1801909ba (DecompileCallback)  
WARN  Decompiling 180192b90, pcode error at 1801934e6: Unable to resolve constructor at 1801934e6 (DecompileCallback)  
WARN  Decompiling 180192b90, pcode error at 180193976: Unable to resolve constructor at 180193976 (DecompileCallback)  
WARN  Decompiling 180192b90, pcode error at 180193e31: Unable to resolve constructor at 180193e31 (DecompileCallback)  
WARN  Decompiling 1801993a0, pcode error at 180dccd3d: Could not follow disassembly flow into non-existing memory at 180dccd3d (DecompileCallback)  
WARN  Decompiling 18019c7aa, pcode error at 1810dadb5: Could not follow disassembly flow into non-existing memory at 1810dadb5 (DecompileCallback)  
WARN  Decompiling 18019c7aa, pcode error at 180f547f6: Could not follow disassembly flow into non-existing memory at 180f547f6 (DecompileCallback)  
WARN  Decompiling 18019c7aa, pcode error at 18147c1ec: Could not follow disassembly flow into non-existing memory at 18147c1ec (DecompileCallback)  
WARN  Decompiling 18019c7aa, pcode error at 1814c4539: Could not follow disassembly flow into non-existing memory at 1814c4539 (DecompileCallback)  
WARN  Decompiling 18019c7aa, pcode error at 1814de810: Could not follow disassembly flow into non-existing memory at 1814de810 (DecompileCallback)  
WARN  Decompiling 18019dc7c, pcode error at 18019df21: Unable to resolve constructor at 18019df21 (DecompileCallback)  
WARN  Decompiling 18019dc7c, pcode error at 1810c183d: Could not follow disassembly flow into non-existing memory at 1810c183d (DecompileCallback)  
WARN  Decompiling 18019dc7c, pcode error at 18119a15d: Could not follow disassembly flow into non-existing memory at 18119a15d (DecompileCallback)  
WARN  Decompiling 18019dc7c, pcode error at 1810f3979: Could not follow disassembly flow into non-existing memory at 1810f3979 (DecompileCallback)  
WARN  Decompiling 18019dc7c, pcode error at 18147155c: Could not follow disassembly flow into non-existing memory at 18147155c (DecompileCallback)  
WARN  Decompiling 18019dc7c, pcode error at 181004dde: Could not follow disassembly flow into non-existing memory at 181004dde (DecompileCallback)  
WARN  Decompiling 18019dc7c, pcode error at 1810c25a1: Could not follow disassembly flow into non-existing memory at 1810c25a1 (DecompileCallback)  
WARN  Decompiling 18019dc7c, pcode error at 181083dd5: Could not follow disassembly flow into non-existing memory at 181083dd5 (DecompileCallback)  
WARN  Decompiling 18019dc7c, pcode error at 18136c60c: Could not follow disassembly flow into non-existing memory at 18136c60c (DecompileCallback)  
WARN  Decompiling 18019dc7c, pcode error at 1811b59bc: Could not follow disassembly flow into non-existing memory at 1811b59bc (DecompileCallback)  
WARN  Decompiling 18019dc7c, pcode error at 1814e5acb: Could not follow disassembly flow into non-existing memory at 1814e5acb (DecompileCallback)  
WARN  Decompiling 18019dc7c, pcode error at 1814cd665: Could not follow disassembly flow into non-existing memory at 1814cd665 (DecompileCallback)  
WARN  Decompiling 18019dc7c, pcode error at 18104480a: Could not follow disassembly flow into non-existing memory at 18104480a (DecompileCallback)  
WARN  Decompiling 18019df30, pcode error at 18019e9ce: Unable to resolve constructor at 18019e9ce (DecompileCallback)  
WARN  Decompiling 18019df30, pcode error at 18019efed: Unable to resolve constructor at 18019efed (DecompileCallback)  
WARN  Decompiling 18019f910, pcode error at 1801a058f: Unable to resolve constructor at 1801a058f (DecompileCallback)  
WARN  Decompiling 1801a2070, pcode error at 1801a3e13: Unable to resolve constructor at 1801a3e13 (DecompileCallback)  
WARN  Decompiling 1801a5730, pcode error at 1801a5898: Unable to resolve constructor at 1801a5898 (DecompileCallback)  
WARN  Decompiling 1801a7460, pcode error at 1801a74e7: Unable to resolve constructor at 1801a74e7 (DecompileCallback)  
INFO  DumpTransitiveHelpers.java> decompiled 448 (GhidraScript)  
WARN  Decompiling 1801a8300, pcode error at 1801a837b: Unable to resolve constructor at 1801a837b (DecompileCallback)  
WARN  Decompiling 1801a8a60, pcode error at 1801a8b98: Unable to resolve constructor at 1801a8b98 (DecompileCallback)  
WARN  Decompiling 1801a9ba0, pcode error at 1801a9e29: Unable to resolve constructor at 1801a9e29 (DecompileCallback)  
WARN  Decompiling 1801a9ba0, pcode error at 1801a9e1b: Unable to resolve constructor at 1801a9e1b (DecompileCallback)  
WARN  Decompiling 1801a9e40, pcode error at 1801a9f70: Unable to resolve constructor at 1801a9f70 (DecompileCallback)  
WARN  Decompiling 1801a9f80, pcode error at 1800f3d87: Unable to resolve constructor at 1800f3d87 (DecompileCallback)  
WARN  Decompiling 1801a9f80, pcode error at 1800f3ffb: Unable to resolve constructor at 1800f3ffb (DecompileCallback)  
WARN  Decompiling 1801a9f80, pcode error at 1800f4029: Unable to resolve constructor at 1800f4029 (DecompileCallback)  
INFO  DumpTransitiveHelpers.java> decompiled 512 (GhidraScript)  
WARN  Decompiling 1801aac70, pcode error at 1801aad98: Unable to resolve constructor at 1801aad98 (DecompileCallback)  
WARN  Decompiling 1801aae80, pcode error at 1801ab021: Unable to resolve constructor at 1801ab021 (DecompileCallback)  
WARN  Decompiling 1801aae80, pcode error at 1801ab019: Unable to resolve constructor at 1801ab019 (DecompileCallback)  
WARN  Decompiling 1801ade60, pcode error at 1801adf63: Unable to resolve constructor at 1801adf63 (DecompileCallback)  
WARN  Decompiling 1801aecf0, pcode error at 1801aedf3: Unable to resolve constructor at 1801aedf3 (DecompileCallback)  
WARN  Decompiling 1801af010, pcode error at 1801af1df: Unable to resolve constructor at 1801af1df (DecompileCallback)  
WARN  Decompiling 1801af010, pcode error at 1801af1de: Unable to resolve constructor at 1801af1de (DecompileCallback)  
WARN  Decompiling 1801af970, pcode error at 1801afaa4: Unable to resolve constructor at 1801afaa4 (DecompileCallback)  
WARN  Decompiling 1801b5f70, pcode error at 1801b6165: Unable to resolve constructor at 1801b6165 (DecompileCallback)  
WARN  Decompiling 1801b6d00, pcode error at 180dd9382: Could not follow disassembly flow into non-existing memory at 180dd9382 (DecompileCallback)  
WARN  Decompiling 1801b7ab8, pcode error at 1813751c3: Could not follow disassembly flow into non-existing memory at 1813751c3 (DecompileCallback)  
WARN  Decompiling 1801b7ab8, pcode error at 18119df9e: Could not follow disassembly flow into non-existing memory at 18119df9e (DecompileCallback)  
WARN  Decompiling 1801b7ab8, pcode error at 1811ed007: Could not follow disassembly flow into non-existing memory at 1811ed007 (DecompileCallback)  
WARN  Decompiling 1801b7ab8, pcode error at 180887fe6: Could not follow disassembly flow into non-existing memory at 180887fe6 (DecompileCallback)  
WARN  Decompiling 1801b7ffa, pcode error at 180881acc: Could not follow disassembly flow into non-existing memory at 180881acc (DecompileCallback)  
WARN  Decompiling 1801b7ffa, pcode error at 1814c4f20: Could not follow disassembly flow into non-existing memory at 1814c4f20 (DecompileCallback)  
WARN  Decompiling 1801b7ffa, pcode error at 18108d68d: Could not follow disassembly flow into non-existing memory at 18108d68d (DecompileCallback)  
INFO  DumpTransitiveHelpers.java> decompiled 576 (GhidraScript)  
WARN  Decompiling 1801b8cc0, pcode error at 1801b8daf: Unable to resolve constructor at 1801b8daf (DecompileCallback)  
WARN  Decompiling 1801bb950, pcode error at 1801bba9e: Unable to resolve constructor at 1801bba9e (DecompileCallback)  
INFO  DumpTransitiveHelpers.java> decompiled 640 (GhidraScript)  
WARN  Decompiling 1801bd6b0, pcode error at 1801bd77a: Unable to resolve constructor at 1801bd77a (DecompileCallback)  
WARN  Decompiling 1801bd7a0, pcode error at 1801bda00: Unable to resolve constructor at 1801bda00 (DecompileCallback)  
WARN  Decompiling 1801bdf20, pcode error at 1801be26e: Unable to resolve constructor at 1801be26e (DecompileCallback)  
WARN  Decompiling 1801c7de0, pcode error at 1801c7eac: Unable to resolve constructor at 1801c7eac (DecompileCallback)  
WARN  Decompiling 1801c7de0, pcode error at 1801c802c: Unable to resolve constructor at 1801c802c (DecompileCallback)  
WARN  Decompiling 1801d4fe0, pcode error at 1801d5c06: Unable to resolve constructor at 1801d5c06 (DecompileCallback)  
WARN  Decompiling 1801d8230, pcode error at 1801d834f: Unable to resolve constructor at 1801d834f (DecompileCallback)  
WARN  Decompiling 1801eead0, pcode error at 1801eedaf: Unable to resolve constructor at 1801eedaf (DecompileCallback)  
WARN  Decompiling 1802096c0, pcode error at 1802097e4: Unable to resolve constructor at 1802097e4 (DecompileCallback)  
INFO  DumpTransitiveHelpers.java> decompiled 704 (GhidraScript)  
WARN  Decompiling 180218374, pcode error at 1813dff4c: Could not follow disassembly flow into non-existing memory at 1813dff4c (DecompileCallback)  
WARN  Decompiling 180218bca, pcode error at 180218be4: Unable to resolve constructor at 180218be4 (DecompileCallback)  
WARN  Decompiling 180219080, pcode error at 180220c4a: Unable to resolve constructor at 180220c4a (DecompileCallback)  
WARN  Decompiling 180219080, pcode error at 1811c91c5: Could not follow disassembly flow into non-existing memory at 1811c91c5 (DecompileCallback)  
WARN  Decompiling 180219080, pcode error at 180f846f8: Could not follow disassembly flow into non-existing memory at 180f846f8 (DecompileCallback)  
WARN  Decompiling 18021afe0, pcode error at 1810e25f6: Could not follow disassembly flow into non-existing memory at 1810e25f6 (DecompileCallback)  
WARN  Decompiling 1802270b8, pcode error at 1812e8048: Could not follow disassembly flow into non-existing memory at 1812e8048 (DecompileCallback)  
WARN  Decompiling 18022e681, pcode error at 181513b5c: Could not follow disassembly flow into non-existing memory at 181513b5c (DecompileCallback)  
WARN  Decompiling 18022e681, pcode error at 180fb74ca: Could not follow disassembly flow into non-existing memory at 180fb74ca (DecompileCallback)  
WARN  Decompiling 18022e681, pcode error at 1812f0d29: Could not follow disassembly flow into non-existing memory at 1812f0d29 (DecompileCallback)  
WARN  Decompiling 18022e681, pcode error at 1812e7448: Could not follow disassembly flow into non-existing memory at 1812e7448 (DecompileCallback)  
WARN  Decompiling 180231f4f, pcode error at 1812dacfd: Could not follow disassembly flow into non-existing memory at 1812dacfd (DecompileCallback)  
WARN  Decompiling 180234fb6, pcode error at 181114a5f: Could not follow disassembly flow into non-existing memory at 181114a5f (DecompileCallback)  
WARN  Decompiling 180234fb6, pcode error at 18107a27d: Could not follow disassembly flow into non-existing memory at 18107a27d (DecompileCallback)  
WARN  Decompiling 180234fb6, pcode error at 1815cfadd: Could not follow disassembly flow into non-existing memory at 1815cfadd (DecompileCallback)  
WARN  Decompiling 180234fb6, pcode error at 181102d95: Could not follow disassembly flow into non-existing memory at 181102d95 (DecompileCallback)  
WARN  Decompiling 180234fb6, pcode error at 18143046d: Could not follow disassembly flow into non-existing memory at 18143046d (DecompileCallback)  
WARN  Decompiling 18023659b, pcode error at 1814502ca: Could not follow disassembly flow into non-existing memory at 1814502ca (DecompileCallback)  
WARN  Decompiling 180237754, pcode error at 18145d36c: Could not follow disassembly flow into non-existing memory at 18145d36c (DecompileCallback)  
WARN  Decompiling 18023dee0, pcode error at 18023e174: Unable to resolve constructor at 18023e174 (DecompileCallback)  
WARN  Decompiling 180247750, pcode error at 1802477fa: Unable to resolve constructor at 1802477fa (DecompileCallback)  
WARN  Decompiling 180247b60, pcode error at 180247be8: Unable to resolve constructor at 180247be8 (DecompileCallback)  
INFO  DumpTransitiveHelpers.java> decompiled 768 (GhidraScript)  
WARN  Decompiling 18025e910, pcode error at 18025ea74: Unable to resolve constructor at 18025ea74 (DecompileCallback)  
WARN  Decompiling 18026ee90, pcode error at 18026efed: Unable to resolve constructor at 18026efed (DecompileCallback)  
WARN  Decompiling 1802b4a7b, pcode error at 1802b4af5: Unable to resolve constructor at 1802b4af5 (DecompileCallback)  
WARN  Decompiling 1802b4a7b, pcode error at 180ff1dc8: Could not follow disassembly flow into non-existing memory at 180ff1dc8 (DecompileCallback)  
WARN  Decompiling 1802b4a7b, pcode error at 180f5d26d: Could not follow disassembly flow into non-existing memory at 180f5d26d (DecompileCallback)  
WARN  Decompiling 1802b4a7b, pcode error at 181052abf: Could not follow disassembly flow into non-existing memory at 181052abf (DecompileCallback)  
WARN  Decompiling 1802b5b36, pcode error at 1815a7be8: Could not follow disassembly flow into non-existing memory at 1815a7be8 (DecompileCallback)  
WARN  Decompiling 1802b71ce, pcode error at 181122674: Could not follow disassembly flow into non-existing memory at 181122674 (DecompileCallback)  
WARN  Decompiling 1802b71ce, pcode error at 181404ee4: Could not follow disassembly flow into non-existing memory at 181404ee4 (DecompileCallback)  
WARN  Decompiling 180562090, pcode error at 1805620d1: Unable to resolve constructor at 1805620d1 (DecompileCallback)  
WARN  Decompiling 180562520, pcode error at 18056256c: Unable to resolve constructor at 18056256c (DecompileCallback)  
WARN  Decompiling 180562670, pcode error at 48d88b48: Could not follow disassembly flow into non-existing memory at 48d88b48 (DecompileCallback)  
WARN  Decompiling 180562670, pcode error at 18056294a: Unable to resolve constructor at 18056294a (DecompileCallback)  
WARN  Decompiling 180562670, pcode error at 180562743: Unable to resolve constructor at 180562743 (DecompileCallback)  
WARN  Decompiling 180562d80, pcode error at 180562dc4: Unable to resolve constructor at 180562dc4 (DecompileCallback)  
INFO  DumpTransitiveHelpers.java> decompiled 832 (GhidraScript)  
WARN  Decompiling 180563f0f, pcode error at 180563f14: Unable to resolve constructor at 180563f14 (DecompileCallback)  
WARN  Decompiling 18056467c, pcode error at 1805646dd: Unable to resolve constructor at 1805646dd (DecompileCallback)  
WARN  Decompiling 1805650bc, pcode error at 18056510b: Unable to resolve constructor at 18056510b (DecompileCallback)  
WARN  Decompiling 180565ed6, pcode error at 180565f0b: Unable to resolve constructor at 180565f0b (DecompileCallback)  
WARN  Decompiling 180565edc, pcode error at 180565f0b: Unable to resolve constructor at 180565f0b (DecompileCallback)  
WARN  Decompiling 180565ee2, pcode error at 180565f0b: Unable to resolve constructor at 180565f0b (DecompileCallback)  
WARN  Decompiling 180565ee8, pcode error at 180565f0b: Unable to resolve constructor at 180565f0b (DecompileCallback)  
WARN  Decompiling 180565efa, pcode error at 180565f0b: Unable to resolve constructor at 180565f0b (DecompileCallback)  
WARN  Decompiling 180566250, pcode error at 180566267: Unable to resolve constructor at 180566267 (DecompileCallback)  
WARN  Decompiling 1805662d4, pcode error at 1805662d9: Unable to resolve constructor at 1805662d9 (DecompileCallback)  
WARN  Decompiling 1805662da, pcode error at 1805662e9: Unable to resolve constructor at 1805662e9 (DecompileCallback)  
WARN  Decompiling 1805662e0, pcode error at 1805662e9: Unable to resolve constructor at 1805662e9 (DecompileCallback)  
WARN  Decompiling 180566465, pcode error at 180566488: Unable to resolve constructor at 180566488 (DecompileCallback)  
WARN  Decompiling 18056646b, pcode error at 180566488: Unable to resolve constructor at 180566488 (DecompileCallback)  
WARN  Decompiling 180566471, pcode error at 180566488: Unable to resolve constructor at 180566488 (DecompileCallback)  
WARN  Decompiling 180566477, pcode error at 180566488: Unable to resolve constructor at 180566488 (DecompileCallback)  
WARN  Decompiling 180566483, pcode error at 180566488: Unable to resolve constructor at 180566488 (DecompileCallback)  
WARN  Decompiling 1805667ad, pcode error at 1805667be: Unable to resolve constructor at 1805667be (DecompileCallback)  
WARN  Decompiling 1805667cb, pcode error at 1805667d6: Unable to resolve constructor at 1805667d6 (DecompileCallback)  
WARN  Decompiling 1805667d7, pcode error at 1805667e4: Unable to resolve constructor at 1805667e4 (DecompileCallback)  
INFO  DumpTransitiveHelpers.java> done: 876 functions (GhidraScript)  
INFO  REPORT: Save succeeded for processed file: /bambu_networking_dump.dll (HeadlessAnalyzer)  
[run_headless] done. Log: /home/fboisselier/baltobu-reverse/output/ghidra/ghidra_headless_baltobu-unpacked.log
